Using pre-set license
Built from '2020.3/staging' branch; Version is '2020.3.0f1 (c7b5465681fb) revision 13088070'; Using compiler version '192528614'; Build Type 'Release'
OS: 'Windows 10 Pro for Workstations; OS build 19042.804; Version 2009; 64bit' Language: 'es' Physical Memory: 12168 MB
BatchMode: 1, IsHumanControllingUs: 0, StartBugReporterOnCrash: 0, Is64bit: 1, IsPro: 0

 COMMAND LINE ARGUMENTS:
D:\Programas\UnityHub\Editor\2020.3.0f1\Editor\Unity.exe
-adb2
-batchMode
-noUpm
-name
AssetImportWorker0
-projectPath
C:/Users/Asus/Documents/proyectosUnity/EvaluacionAR
-logFile
Logs/AssetImportWorker0.log
-srvPort
58960
Successfully changed project path to: C:/Users/Asus/Documents/proyectosUnity/EvaluacionAR
C:/Users/Asus/Documents/proyectosUnity/EvaluacionAR
Using Asset Import Pipeline V2.
Refreshing native plugins compatible for Editor in 55.73 ms, found 0 plugins.
Preloading 0 native plugins for Editor in 0.00 ms.
Initialize engine version: 2020.3.0f1 (c7b5465681fb)
[Subsystems] Discovering subsystems at path D:/Programas/UnityHub/Editor/2020.3.0f1/Editor/Data/Resources/UnitySubsystems
[Subsystems] Discovering subsystems at path C:/Users/Asus/Documents/proyectosUnity/EvaluacionAR/Assets
GfxDevice: creating device client; threaded=0
Direct3D:
    Version:  Direct3D 11.0 [level 11.0]
    Renderer: NVIDIA GeForce 940MX (ID=0x134d)
    Vendor:   
    VRAM:     2010 MB
    Driver:   27.21.14.6192
Initialize mono
Mono path[0] = 'D:/Programas/UnityHub/Editor/2020.3.0f1/Editor/Data/Managed'
Mono path[1] = 'D:/Programas/UnityHub/Editor/2020.3.0f1/Editor/Data/MonoBleedingEdge/lib/mono/unityjit'
Mono config path = 'D:/Programas/UnityHub/Editor/2020.3.0f1/Editor/Data/MonoBleedingEdge/etc'
Using monoOptions --debugger-agent=transport=dt_socket,embedding=1,server=y,suspend=n,address=127.0.0.1:56060
Begin MonoManager ReloadAssembly
Registering precompiled unity dll's ...
Register platform support module: D:/Programas/UnityHub/Editor/2020.3.0f1/Editor/Data/PlaybackEngines/WindowsStandaloneSupport/UnityEditor.WindowsStandalone.Extensions.dll
Registered in 0.001494 seconds.
Native extension for WindowsStandalone target not found
Refreshing native plugins compatible for Editor in 153.48 ms, found 0 plugins.
Preloading 0 native plugins for Editor in 0.00 ms.
Invoked RoslynAnalysisRunner static constructor.
RoslynAnalysisRunner will not be running.
RoslynAnalysisRunner has terminated.
Mono: successfully reloaded assembly
- Completed reload, in  2.965 seconds
Platform modules already initialized, skipping
Registering precompiled user dll's ...
Registered in 0.001464 seconds.
Begin MonoManager ReloadAssembly
Native extension for WindowsStandalone target not found
Refreshing native plugins compatible for Editor in 0.29 ms, found 0 plugins.
Preloading 0 native plugins for Editor in 0.00 ms.
Invoked RoslynAnalysisRunner static constructor.
RoslynAnalysisRunner will not be running.
RoslynAnalysisRunner has terminated.
Mono: successfully reloaded assembly
- Completed reload, in  1.148 seconds
Platform modules already initialized, skipping
========================================================================
Worker process is ready to serve import requests
Launched and connected shader compiler UnityShaderCompiler.exe after 0.08 seconds
Refreshing native plugins compatible for Editor in 0.29 ms, found 0 plugins.
Preloading 0 native plugins for Editor in 0.00 ms.
Unloading 1436 Unused Serialized files (Serialized files now loaded: 0)
System memory in use before: 66.4 MB.
System memory in use after: 66.5 MB.

Unloading 12 unused Assets to reduce memory usage. Loaded Objects now: 1878.
Total: 4.044500 ms (FindLiveObjects: 0.419800 ms CreateObjectMapping: 0.345200 ms MarkObjects: 3.123300 ms  DeleteObjects: 0.154700 ms)

========================================================================
Received Import Request.
  path: Assets/Barbarian/Models
  artifactKey: Guid(48a95633b2787a6489ed429df1310698) Importer(815301076,1909f56bfc062723c751e8b465ee728b)
Start importing Assets/Barbarian/Models using Guid(48a95633b2787a6489ed429df1310698) Importer(815301076,1909f56bfc062723c751e8b465ee728b)  -> (artifact id: 'b42a1572b9472096469bfab517d53c99') in 0.037056 seconds
  Import took 0.040115 seconds .

========================================================================
Received Import Request.
  Time since last request: 0.013723 seconds.
  path: Assets/Barbarian
  artifactKey: Guid(38fefadd3847e8149b8218da7602d341) Importer(815301076,1909f56bfc062723c751e8b465ee728b)
Start importing Assets/Barbarian using Guid(38fefadd3847e8149b8218da7602d341) Importer(815301076,1909f56bfc062723c751e8b465ee728b)  -> (artifact id: '7a36e023eab322f715cbb0d8d80d2e56') in 0.003661 seconds
  Import took 0.008107 seconds .

========================================================================
Received Import Request.
  Time since last request: 0.000324 seconds.
  path: Assets/Barbarian/Models/Barbarian.fbx
  artifactKey: Guid(859c3def7b0fdca4ba4a59bb97a3cb47) Importer(815301076,1909f56bfc062723c751e8b465ee728b)
Start importing Assets/Barbarian/Models/Barbarian.fbx using Guid(859c3def7b0fdca4ba4a59bb97a3cb47) Importer(815301076,1909f56bfc062723c751e8b465ee728b)  -> (artifact id: '38e5aad4b7b0b682a59c6d0ffcdd58b9') in 1.694570 seconds
  Import took 1.700696 seconds .

========================================================================
Received Import Request.
  Time since last request: 51.375411 seconds.
  path: Assets
  artifactKey: Guid(00000000000000001000000000000000) Importer(815301076,1909f56bfc062723c751e8b465ee728b)
Start importing Assets using Guid(00000000000000001000000000000000) Importer(815301076,1909f56bfc062723c751e8b465ee728b)  -> (artifact id: '42baae205c97e3337697759514652acd') in 0.034870 seconds
  Import took 0.044305 seconds .

========================================================================
Received Import Request.
  Time since last request: 16.186112 seconds.
  path: Assets/SpawnableManager.cs
  artifactKey: Guid(be42589a34749724d82e41dd9c76cc51) Importer(815301076,1909f56bfc062723c751e8b465ee728b)
Start importing Assets/SpawnableManager.cs using Guid(be42589a34749724d82e41dd9c76cc51) Importer(815301076,1909f56bfc062723c751e8b465ee728b)  -> (artifact id: '2a5cffca4ef2753720e2b2b082c4167e') in 0.055542 seconds
  Import took 0.067302 seconds .

========================================================================
Received Prepare
Registering precompiled user dll's ...
Registered in 0.001391 seconds.
Begin MonoManager ReloadAssembly
Native extension for WindowsStandalone target not found
Refreshing native plugins compatible for Editor in 0.34 ms, found 0 plugins.
Preloading 0 native plugins for Editor in 0.00 ms.
Invoked RoslynAnalysisRunner static constructor.
RoslynAnalysisRunner will not be running.
RoslynAnalysisRunner has terminated.
Mono: successfully reloaded assembly
- Completed reload, in  1.140 seconds
Platform modules already initialized, skipping
Switching build target platform(5) subTarget(0) extendedPlatform(0) -> platform(13) subTarget(524288) extendedPlatform(0)
Refreshing native plugins compatible for Editor in 0.34 ms, found 0 plugins.
Preloading 0 native plugins for Editor in 0.00 ms.
Unloading 1431 Unused Serialized files (Serialized files now loaded: 0)
System memory in use before: 83.9 MB.
System memory in use after: 84.0 MB.

Unloading 7 unused Assets to reduce memory usage. Loaded Objects now: 1895.
Total: 2.827900 ms (FindLiveObjects: 0.309500 ms CreateObjectMapping: 0.121100 ms MarkObjects: 2.338200 ms  DeleteObjects: 0.056900 ms)

AssetImportParameters requested are different than current active one (requested -> active):
  custom:graphics/normal-map-encoding: 01000000000000000000000000000000 -> 02000000000000000000000000000000
========================================================================
Received Prepare
Registering precompiled user dll's ...
Registered in 0.002259 seconds.
Begin MonoManager ReloadAssembly
Native extension for WindowsStandalone target not found
Refreshing native plugins compatible for Editor in 0.31 ms, found 0 plugins.
Preloading 0 native plugins for Editor in 0.00 ms.
Invoked RoslynAnalysisRunner static constructor.
RoslynAnalysisRunner will not be running.
RoslynAnalysisRunner has terminated.
Mono: successfully reloaded assembly
- Completed reload, in  1.765 seconds
Platform modules already initialized, skipping
Switching build target platform(5) subTarget(0) extendedPlatform(0) -> platform(13) subTarget(524288) extendedPlatform(0)
Refreshing native plugins compatible for Editor in 0.65 ms, found 0 plugins.
Preloading 0 native plugins for Editor in 0.00 ms.
Unloading 1431 Unused Serialized files (Serialized files now loaded: 0)
System memory in use before: 84.0 MB.
System memory in use after: 84.0 MB.

Unloading 7 unused Assets to reduce memory usage. Loaded Objects now: 1899.
Total: 8.731500 ms (FindLiveObjects: 0.440700 ms CreateObjectMapping: 0.123100 ms MarkObjects: 8.021200 ms  DeleteObjects: 0.143500 ms)

AssetImportParameters requested are different than current active one (requested -> active):
  custom:graphics/normal-map-encoding: 01000000000000000000000000000000 -> 02000000000000000000000000000000
========================================================================
Received Import Request.
  Time since last request: 1135.731314 seconds.
  path: Assets/SpawnableManager.cs
  artifactKey: Guid(be42589a34749724d82e41dd9c76cc51) Importer(815301076,1909f56bfc062723c751e8b465ee728b)
Start importing Assets/SpawnableManager.cs using Guid(be42589a34749724d82e41dd9c76cc51) Importer(815301076,1909f56bfc062723c751e8b465ee728b)  -> (artifact id: '2d4167cd5bbeb5aadb87da62adbf8385') in 0.013242 seconds
  Import took 0.019373 seconds .

========================================================================
Received Prepare
Refreshing native plugins compatible for Editor in 1.58 ms, found 0 plugins.
Preloading 0 native plugins for Editor in 0.00 ms.
Unloading 4 Unused Serialized files (Serialized files now loaded: 0)
System memory in use before: 55.6 MB.
System memory in use after: 55.7 MB.

Unloading 3 unused Assets to reduce memory usage. Loaded Objects now: 1900.
Total: 4.611300 ms (FindLiveObjects: 0.286700 ms CreateObjectMapping: 0.096000 ms MarkObjects: 4.099500 ms  DeleteObjects: 0.126500 ms)

AssetImportWorkerClient::OnTransportError - code=2 error=End of file
